<?xml version="1.0" encoding="UTF-8"?>
<!-- Generated by org.testng.reporters.JUnitReportReporter -->
<testsuite hostname="BLRLTBC4JG32" name="com.learntestng.AppTest" tests="1" failures="0" timestamp="15 Jun 2016 12:16:34 GMT" time="0.010" errors="0">
  <testcase name="sendMail" time="0.010" classname="com.learntestng.AppTest"/>
</testsuite> <!-- com.learntestng.AppTest -->
