<?xml version="1.0" encoding="UTF-8"?>
<!-- Generated by org.testng.reporters.JUnitReportReporter -->
<testsuite hostname="BLRLTBC4JG32" name="com.learntestng.SampleTest" tests="1" failures="0" timestamp="12 Oct 2017 07:07:29 GMT" time="0.001" errors="0">
  <testcase name="sampletest" time="0.001" classname="com.learntestng.SampleTest"/>
</testsuite> <!-- com.learntestng.SampleTest -->
